{"name":"hexo","hostname":"YUTT-PC","pid":17012,"level":20,"msg":"Hexo version: 3.4.3","time":"2017-12-19T07:59:38.778Z","v":0}
{"name":"hexo","hostname":"YUTT-PC","pid":17012,"level":20,"msg":"Working directory: F:\\Blog\\Hexo\\","time":"2017-12-19T07:59:38.780Z","v":0}
{"name":"hexo","hostname":"YUTT-PC","pid":17012,"level":20,"msg":"Config loaded: F:\\Blog\\Hexo\\_config.yml","time":"2017-12-19T07:59:38.891Z","v":0}
{"name":"hexo","hostname":"YUTT-PC","pid":17012,"level":20,"msg":"Plugin loaded: hexo-deployer-git","time":"2017-12-19T07:59:38.905Z","v":0}
{"name":"hexo","hostname":"YUTT-PC","pid":17012,"level":20,"msg":"Plugin loaded: hexo-deployer-heroku","time":"2017-12-19T07:59:38.907Z","v":0}
{"name":"hexo","hostname":"YUTT-PC","pid":17012,"level":20,"msg":"Plugin loaded: hexo-deployer-openshift","time":"2017-12-19T07:59:38.910Z","v":0}
{"name":"hexo","hostname":"YUTT-PC","pid":17012,"level":20,"msg":"Plugin loaded: hexo-deployer-rsync","time":"2017-12-19T07:59:38.911Z","v":0}
{"name":"hexo","hostname":"YUTT-PC","pid":17012,"level":20,"msg":"Plugin loaded: hexo-generator-archive","time":"2017-12-19T07:59:38.914Z","v":0}
{"name":"hexo","hostname":"YUTT-PC","pid":17012,"level":20,"msg":"Plugin loaded: hexo-generator-category","time":"2017-12-19T07:59:38.915Z","v":0}
{"name":"hexo","hostname":"YUTT-PC","pid":17012,"level":20,"msg":"Plugin loaded: hexo-generator-index","time":"2017-12-19T07:59:38.919Z","v":0}
{"name":"hexo","hostname":"YUTT-PC","pid":17012,"level":20,"msg":"Plugin loaded: hexo-generator-sitemap","time":"2017-12-19T07:59:38.921Z","v":0}
{"name":"hexo","hostname":"YUTT-PC","pid":17012,"level":20,"msg":"Plugin loaded: hexo-generator-feed","time":"2017-12-19T07:59:38.957Z","v":0}
{"name":"hexo","hostname":"YUTT-PC","pid":17012,"level":20,"msg":"Plugin loaded: hexo-generator-tag","time":"2017-12-19T07:59:38.959Z","v":0}
{"name":"hexo","hostname":"YUTT-PC","pid":17012,"level":20,"msg":"Plugin loaded: hexo-renderer-jade","time":"2017-12-19T07:59:39.269Z","v":0}
{"name":"hexo","hostname":"YUTT-PC","pid":17012,"level":20,"msg":"Plugin loaded: hexo-renderer-marked","time":"2017-12-19T07:59:39.274Z","v":0}
{"name":"hexo","hostname":"YUTT-PC","pid":17012,"level":20,"msg":"Plugin loaded: hexo-renderer-pug","time":"2017-12-19T07:59:39.362Z","v":0}
{"name":"hexo","hostname":"YUTT-PC","pid":17012,"level":20,"msg":"Plugin loaded: hexo-renderer-stylus","time":"2017-12-19T07:59:39.479Z","v":0}
{"name":"hexo","hostname":"YUTT-PC","pid":17012,"level":20,"msg":"Plugin loaded: hexo-server","time":"2017-12-19T07:59:39.547Z","v":0}
{"name":"hexo","hostname":"YUTT-PC","pid":17012,"level":20,"msg":"Loading database.","time":"2017-12-19T07:59:39.579Z","v":0}
{"name":"hexo","hostname":"YUTT-PC","pid":17012,"level":30,"msg":"Start processing","time":"2017-12-19T07:59:39.607Z","v":0}
{"name":"hexo","hostname":"YUTT-PC","pid":17012,"level":20,"msg":"Processed: _posts/ObjectBox使用说明.md","time":"2017-12-19T07:59:39.621Z","v":0}
{"name":"hexo","hostname":"YUTT-PC","pid":17012,"level":20,"msg":"Processed: _posts/hello-world.md","time":"2017-12-19T07:59:39.621Z","v":0}
{"name":"hexo","hostname":"YUTT-PC","pid":17012,"level":20,"msg":"Processed: about/index.md","time":"2017-12-19T07:59:39.623Z","v":0}
{"name":"hexo","hostname":"YUTT-PC","pid":17012,"level":20,"msg":"Processed: articles/index.md","time":"2017-12-19T07:59:39.623Z","v":0}
{"name":"hexo","hostname":"YUTT-PC","pid":17012,"level":20,"msg":"Processed: _posts/基于as3.0 多aar打包发布.md","time":"2017-12-19T07:59:39.633Z","v":0}
{"name":"hexo","hostname":"YUTT-PC","pid":17012,"level":20,"msg":"Generator: page","time":"2017-12-19T07:59:39.745Z","v":0}
{"name":"hexo","hostname":"YUTT-PC","pid":17012,"level":20,"msg":"Generator: post","time":"2017-12-19T07:59:39.745Z","v":0}
{"name":"hexo","hostname":"YUTT-PC","pid":17012,"level":20,"msg":"Generator: archive","time":"2017-12-19T07:59:39.745Z","v":0}
{"name":"hexo","hostname":"YUTT-PC","pid":17012,"level":20,"msg":"Generator: category","time":"2017-12-19T07:59:39.745Z","v":0}
{"name":"hexo","hostname":"YUTT-PC","pid":17012,"level":20,"msg":"Generator: index","time":"2017-12-19T07:59:39.745Z","v":0}
{"name":"hexo","hostname":"YUTT-PC","pid":17012,"level":20,"msg":"Generator: sitemap","time":"2017-12-19T07:59:39.745Z","v":0}
{"name":"hexo","hostname":"YUTT-PC","pid":17012,"level":20,"msg":"Generator: feed","time":"2017-12-19T07:59:39.745Z","v":0}
{"name":"hexo","hostname":"YUTT-PC","pid":17012,"level":20,"msg":"Generator: tag","time":"2017-12-19T07:59:39.745Z","v":0}
{"name":"hexo","hostname":"YUTT-PC","pid":17012,"level":20,"msg":"Generator: asset","time":"2017-12-19T07:59:39.746Z","v":0}
{"name":"hexo","hostname":"YUTT-PC","pid":17012,"level":30,"msg":"Hexo is running at http://localhost:4000/. Press Ctrl+C to stop.","time":"2017-12-19T07:59:39.750Z","v":0}
{"name":"hexo","hostname":"YUTT-PC","pid":17012,"level":20,"msg":"Database saved","time":"2017-12-19T07:59:39.754Z","v":0}
{"name":"hexo","hostname":"YUTT-PC","pid":17012,"level":40,"msg":"No layout: index.html","time":"2017-12-19T07:59:45.904Z","v":0}
